<?xml version="1.0" encoding="UTF-8"?>
<testng-results ignored="0" total="1" passed="1" failed="0" skipped="0">
  <reporter-output>
  </reporter-output>
  <suite started-at="2021-12-07T22:52:33 IST" name="Default suite" finished-at="2021-12-07T22:52:47 IST" duration-ms="13673">
    <groups>
    </groups>
    <test started-at="2021-12-07T22:52:33 IST" name="Default test" finished-at="2021-12-07T22:52:47 IST" duration-ms="13673">
      <class name="org.testing.TestScripts.TC1">
        <test-method is-config="true" signature="before()[pri:0, instance:org.testing.TestScripts.TC1@dd05255]" started-at="2021-12-07T22:52:33 IST" name="before" finished-at="2021-12-07T22:52:41 IST" duration-ms="7812" status="PASS">
          <reporter-output>
          </reporter-output>
        </test-method> <!-- before -->
        <test-method signature="tc1()[pri:0, instance:org.testing.TestScripts.TC1@dd05255]" started-at="2021-12-07T22:52:41 IST" name="tc1" finished-at="2021-12-07T22:52:46 IST" duration-ms="5420" status="PASS">
          <reporter-output>
          </reporter-output>
        </test-method> <!-- tc1 -->
        <test-method is-config="true" signature="after()[pri:0, instance:org.testing.TestScripts.TC1@dd05255]" started-at="2021-12-07T22:52:46 IST" name="after" finished-at="2021-12-07T22:52:47 IST" duration-ms="395" status="PASS">
          <reporter-output>
          </reporter-output>
        </test-method> <!-- after -->
      </class> <!-- org.testing.TestScripts.TC1 -->
    </test> <!-- Default test -->
  </suite> <!-- Default suite -->
</testng-results>
